C:\CPP_LEARN\WORK_2\DEBUG\WORK_2.EXE
C:\CPP_LEARN\WORK_2\DEBUG\WORK_2.ILK
C:\CPP_LEARN\WORK_2\DEBUG\WORK_2.PDB
C:\CPP_LEARN\WORK_2\WORK_2\DEBUG\CWINGRAD.OBJ
C:\CPP_LEARN\WORK_2\WORK_2\DEBUG\STDAFX.OBJ
C:\CPP_LEARN\WORK_2\WORK_2\DEBUG\VC100.PDB
C:\CPP_LEARN\WORK_2\WORK_2\DEBUG\WINSCREEN.OBJ
C:\CPP_LEARN\WORK_2\WORK_2\DEBUG\WORK_2.EXE.INTERMEDIATE.MANIFEST
C:\CPP_LEARN\WORK_2\WORK_2\DEBUG\WORK_2.OBJ
C:\CPP_LEARN\WORK_2\WORK_2\DEBUG\WORK_2.PCH
C:\CPP_LEARN\WORK_2\WORK_2\DEBUG\WORK_2DLG.OBJ
C:\CPP_PROJECT\WORK_2\DEBUG\WORK_2.EXE
C:\CPP_PROJECT\WORK_2\DEBUG\WORK_2.ILK
C:\CPP_PROJECT\WORK_2\DEBUG\WORK_2.PDB
C:\CPP_PROJECT\WORK_2\WORK_2\DEBUG\CWINGRAD.OBJ
C:\CPP_PROJECT\WORK_2\WORK_2\DEBUG\STDAFX.OBJ
C:\CPP_PROJECT\WORK_2\WORK_2\DEBUG\VC100.PDB
C:\CPP_PROJECT\WORK_2\WORK_2\DEBUG\WINSCREEN.OBJ
C:\CPP_PROJECT\WORK_2\WORK_2\DEBUG\WORK_2.EXE.EMBED.MANIFEST
C:\CPP_PROJECT\WORK_2\WORK_2\DEBUG\WORK_2.EXE.INTERMEDIATE.MANIFEST
C:\CPP_PROJECT\WORK_2\WORK_2\DEBUG\WORK_2.OBJ
C:\CPP_PROJECT\WORK_2\WORK_2\DEBUG\WORK_2.PCH
C:\CPP_PROJECT\WORK_2\WORK_2\DEBUG\WORK_2DLG.OBJ
D:\CALIBRATION_PRJ\WORK_2\DEBUG\WORK_2.EXE
D:\CALIBRATION_PRJ\WORK_2\DEBUG\WORK_2.ILK
D:\CALIBRATION_PRJ\WORK_2\DEBUG\WORK_2.PDB
D:\Calibration_prj\work_2\work_2\Debug\cl.command.1.tlog
D:\Calibration_prj\work_2\work_2\Debug\CL.read.1.tlog
D:\Calibration_prj\work_2\work_2\Debug\CL.write.1.tlog
D:\CALIBRATION_PRJ\WORK_2\WORK_2\DEBUG\CWINGRAD.OBJ
D:\Calibration_prj\work_2\work_2\Debug\link.12324.read.1.tlog
D:\Calibration_prj\work_2\work_2\Debug\link.12324.write.1.tlog
D:\Calibration_prj\work_2\work_2\Debug\link.12324-cvtres.read.1.tlog
D:\Calibration_prj\work_2\work_2\Debug\link.12324-cvtres.write.1.tlog
D:\Calibration_prj\work_2\work_2\Debug\link.13344.read.1.tlog
D:\Calibration_prj\work_2\work_2\Debug\link.13344.write.1.tlog
D:\Calibration_prj\work_2\work_2\Debug\link.13344-cvtres.read.1.tlog
D:\Calibration_prj\work_2\work_2\Debug\link.13344-cvtres.write.1.tlog
D:\Calibration_prj\work_2\work_2\Debug\link.13780.read.1.tlog
D:\Calibration_prj\work_2\work_2\Debug\link.13780.write.1.tlog
D:\Calibration_prj\work_2\work_2\Debug\link.13780-cvtres.read.1.tlog
D:\Calibration_prj\work_2\work_2\Debug\link.13780-cvtres.write.1.tlog
D:\Calibration_prj\work_2\work_2\Debug\link.16432.read.1.tlog
D:\Calibration_prj\work_2\work_2\Debug\link.16432.write.1.tlog
D:\Calibration_prj\work_2\work_2\Debug\link.16432-cvtres.read.1.tlog
D:\Calibration_prj\work_2\work_2\Debug\link.16432-cvtres.write.1.tlog
D:\Calibration_prj\work_2\work_2\Debug\link.17224.read.1.tlog
D:\Calibration_prj\work_2\work_2\Debug\link.17224.write.1.tlog
D:\Calibration_prj\work_2\work_2\Debug\link.17224-cvtres.read.1.tlog
D:\Calibration_prj\work_2\work_2\Debug\link.17224-cvtres.write.1.tlog
D:\Calibration_prj\work_2\work_2\Debug\link.18604.read.1.tlog
D:\Calibration_prj\work_2\work_2\Debug\link.18604.write.1.tlog
D:\Calibration_prj\work_2\work_2\Debug\link.18604-cvtres.read.1.tlog
D:\Calibration_prj\work_2\work_2\Debug\link.18604-cvtres.write.1.tlog
D:\Calibration_prj\work_2\work_2\Debug\link.3364.read.1.tlog
D:\Calibration_prj\work_2\work_2\Debug\link.3364.write.1.tlog
D:\Calibration_prj\work_2\work_2\Debug\link.3364-cvtres.read.1.tlog
D:\Calibration_prj\work_2\work_2\Debug\link.3364-cvtres.write.1.tlog
D:\Calibration_prj\work_2\work_2\Debug\link.4360.read.1.tlog
D:\Calibration_prj\work_2\work_2\Debug\link.4360.write.1.tlog
D:\Calibration_prj\work_2\work_2\Debug\link.4360-cvtres.read.1.tlog
D:\Calibration_prj\work_2\work_2\Debug\link.4360-cvtres.write.1.tlog
D:\Calibration_prj\work_2\work_2\Debug\link.7228.read.1.tlog
D:\Calibration_prj\work_2\work_2\Debug\link.7228.write.1.tlog
D:\Calibration_prj\work_2\work_2\Debug\link.7228-cvtres.read.1.tlog
D:\Calibration_prj\work_2\work_2\Debug\link.7228-cvtres.write.1.tlog
D:\Calibration_prj\work_2\work_2\Debug\link.command.1.tlog
D:\Calibration_prj\work_2\work_2\Debug\link.read.1.tlog
D:\Calibration_prj\work_2\work_2\Debug\link.write.1.tlog
D:\Calibration_prj\work_2\work_2\Debug\link-cvtres.read.1.tlog
D:\Calibration_prj\work_2\work_2\Debug\link-cvtres.write.1.tlog
D:\Calibration_prj\work_2\work_2\Debug\mt.command.1.tlog
D:\Calibration_prj\work_2\work_2\Debug\mt.read.1.tlog
D:\Calibration_prj\work_2\work_2\Debug\mt.write.1.tlog
D:\Calibration_prj\work_2\work_2\Debug\rc.command.1.tlog
D:\Calibration_prj\work_2\work_2\Debug\rc.read.1.tlog
D:\Calibration_prj\work_2\work_2\Debug\rc.write.1.tlog
D:\CALIBRATION_PRJ\WORK_2\WORK_2\DEBUG\STDAFX.OBJ
D:\Calibration_prj\work_2\work_2\Debug\vc100.idb
D:\CALIBRATION_PRJ\WORK_2\WORK_2\DEBUG\VC100.PDB
D:\CALIBRATION_PRJ\WORK_2\WORK_2\DEBUG\WINSCREEN.OBJ
D:\Calibration_prj\work_2\work_2\Debug\work_2.exe.embed.manifest
D:\CALIBRATION_PRJ\WORK_2\WORK_2\DEBUG\WORK_2.EXE.EMBED.MANIFEST.RES
D:\CALIBRATION_PRJ\WORK_2\WORK_2\DEBUG\WORK_2.EXE.INTERMEDIATE.MANIFEST
D:\CALIBRATION_PRJ\WORK_2\WORK_2\DEBUG\WORK_2.OBJ
D:\CALIBRATION_PRJ\WORK_2\WORK_2\DEBUG\WORK_2.PCH
D:\CALIBRATION_PRJ\WORK_2\WORK_2\DEBUG\WORK_2.RES
D:\Calibration_prj\work_2\work_2\Debug\work_2.vcxprojResolveAssemblyReference.cache
D:\Calibration_prj\work_2\work_2\Debug\work_2.write.1.tlog
D:\Calibration_prj\work_2\work_2\Debug\work_2_manifest.rc
D:\CALIBRATION_PRJ\WORK_2\WORK_2\DEBUG\WORK_2DLG.OBJ
D:\PROJECTS C++\WORK_2\DEBUG\WORK_2.EXE
D:\PROJECTS C++\WORK_2\DEBUG\WORK_2.ILK
D:\PROJECTS C++\WORK_2\DEBUG\WORK_2.PDB
D:\PROJECTS C++\WORK_2\WORK_2\DEBUG\CWINGRAD.OBJ
D:\PROJECTS C++\WORK_2\WORK_2\DEBUG\STDAFX.OBJ
D:\PROJECTS C++\WORK_2\WORK_2\DEBUG\VC100.PDB
D:\PROJECTS C++\WORK_2\WORK_2\DEBUG\WINSCREEN.OBJ
D:\PROJECTS C++\WORK_2\WORK_2\DEBUG\WORK_2.EXE.EMBED.MANIFEST.RES
D:\PROJECTS C++\WORK_2\WORK_2\DEBUG\WORK_2.EXE.INTERMEDIATE.MANIFEST
D:\PROJECTS C++\WORK_2\WORK_2\DEBUG\WORK_2.OBJ
D:\PROJECTS C++\WORK_2\WORK_2\DEBUG\WORK_2.PCH
D:\PROJECTS C++\WORK_2\WORK_2\DEBUG\WORK_2.RES
D:\PROJECTS C++\WORK_2\WORK_2\DEBUG\WORK_2DLG.OBJ
